[ 2017-04-16T08:54:56+08:00 ] ::1 ::1 GET /thinkphp/public/index/login/index.html
[ log ] localhost/thinkphp/public/index/login/index.html [运行时间：0.043091s][吞吐率：23.21req/s] [内存消耗：1,837.52kb] [文件加载：48]
[ info ] [ LANG ] D:\AppServ\www\thinkphp\thinkphp\lang\zh-cn.php
[ info ] [ ROUTE ] array (
  'type' => 'module',
  'module' => 
  array (
    0 => 'index',
    1 => 'login',
    2 => 'index',
  ),
)
[ info ] [ HEADER ] array (
  'host' => 'localhost',
  'connection' => 'keep-alive',
  'cache-control' => 'max-age=0',
  'upgrade-insecure-requests' => '1',
  'user-agent' => 'Mozilla/5.0 (Windows NT 6.3; WOW64) AppleWebKit/537.36 (KHTML, like Gecko) Chrome/54.0.2840.59 Safari/537.36',
  'accept' => 'text/html,application/xhtml+xml,application/xml;q=0.9,image/webp,*/*;q=0.8',
  'referer' => 'http://localhost/thinkphp/public/index/user/index',
  'accept-encoding' => 'gzip, deflate, sdch, br',
  'accept-language' => 'zh-CN,zh;q=0.8',
  'cookie' => 'UM_distinctid=15b36be09dcee-0c7ed5ea79b064-66191378-100200-15b36be09dd179; Hm_lvt_b1331a132230581e02d9672cd9b95b22=1491281077,1491304331; CNZZDATA1618465=cnzz_eid%3D736041277-1491269062-%26ntime%3D1491310071; bjui_theme=green; pgv_pvi=713158656; PHPSESSID=f8k8k5r27n7lhoa6a1fe6ksq17',
)
[ info ] [ PARAM ] array (
)
[ info ] [ RUN ] app\index\controller\LoginController->index[ D:\AppServ\www\thinkphp\application\index\controller\LoginController.php ]
[ info ] [ VIEW ] D:\AppServ\www\thinkphp\public/../application/index\view\login\index.html [ array (
) ]
[ info ] [ LOG ] INIT File

---------------------------------------------------------------
[ 2017-04-16T08:54:56+08:00 ] ::1 ::1 GET /thinkphp/public/index/login/index.html
[ log ] localhost/thinkphp/public/index/login/index.html [运行时间：0.032132s][吞吐率：31.12req/s] [内存消耗：1,698.76kb] [文件加载：46]
[ info ] [ LANG ] D:\AppServ\www\thinkphp\thinkphp\lang\zh-cn.php
[ info ] [ ROUTE ] array (
  'type' => 'module',
  'module' => 
  array (
    0 => 'index',
    1 => 'login',
    2 => 'index',
  ),
)
[ info ] [ HEADER ] array (
  'host' => 'localhost',
  'connection' => 'keep-alive',
  'cache-control' => 'max-age=0',
  'upgrade-insecure-requests' => '1',
  'user-agent' => 'Mozilla/5.0 (Windows NT 6.3; WOW64) AppleWebKit/537.36 (KHTML, like Gecko) Chrome/54.0.2840.59 Safari/537.36',
  'accept' => 'text/html,application/xhtml+xml,application/xml;q=0.9,image/webp,*/*;q=0.8',
  'referer' => 'http://localhost/thinkphp/public/index/user/index',
  'accept-encoding' => 'gzip, deflate, sdch, br',
  'accept-language' => 'zh-CN,zh;q=0.8',
  'cookie' => 'UM_distinctid=15b36be09dcee-0c7ed5ea79b064-66191378-100200-15b36be09dd179; Hm_lvt_b1331a132230581e02d9672cd9b95b22=1491281077,1491304331; CNZZDATA1618465=cnzz_eid%3D736041277-1491269062-%26ntime%3D1491310071; bjui_theme=green; pgv_pvi=713158656; PHPSESSID=f8k8k5r27n7lhoa6a1fe6ksq17',
)
[ info ] [ PARAM ] array (
)
[ info ] [ RUN ] app\index\controller\LoginController->index[ D:\AppServ\www\thinkphp\application\index\controller\LoginController.php ]
[ info ] [ VIEW ] D:\AppServ\www\thinkphp\public/../application/index\view\login\index.html [ array (
) ]
[ info ] [ LOG ] INIT File

---------------------------------------------------------------
[ 2017-04-16T08:55:05+08:00 ] ::1 ::1 GET /thinkphp/public/index/user/index
[ log ] localhost/thinkphp/public/index/user/index [运行时间：0.052183s][吞吐率：19.16req/s] [内存消耗：2,968.21kb] [文件加载：61]
[ info ] [ LANG ] D:\AppServ\www\thinkphp\thinkphp\lang\zh-cn.php
[ info ] [ ROUTE ] array (
  'type' => 'module',
  'module' => 
  array (
    0 => 'index',
    1 => 'user',
    2 => 'index',
  ),
)
[ info ] [ HEADER ] array (
  'host' => 'localhost',
  'connection' => 'keep-alive',
  'upgrade-insecure-requests' => '1',
  'user-agent' => 'Mozilla/5.0 (Windows NT 6.3; WOW64) AppleWebKit/537.36 (KHTML, like Gecko) Chrome/54.0.2840.59 Safari/537.36',
  'accept' => 'text/html,application/xhtml+xml,application/xml;q=0.9,image/webp,*/*;q=0.8',
  'accept-encoding' => 'gzip, deflate, sdch, br',
  'accept-language' => 'zh-CN,zh;q=0.8',
  'cookie' => 'UM_distinctid=15b36be09dcee-0c7ed5ea79b064-66191378-100200-15b36be09dd179; Hm_lvt_b1331a132230581e02d9672cd9b95b22=1491281077,1491304331; CNZZDATA1618465=cnzz_eid%3D736041277-1491269062-%26ntime%3D1491310071; bjui_theme=green; pgv_pvi=713158656; PHPSESSID=f8k8k5r27n7lhoa6a1fe6ksq17',
)
[ info ] [ PARAM ] array (
)
[ info ] [ SESSION ] INIT array (
  'id' => '',
  'var_session_id' => '',
  'prefix' => 'think',
  'type' => '',
  'auto_start' => true,
)
[ info ] [ RUN ] app\index\controller\UserController->index[ D:\AppServ\www\thinkphp\application\index\controller\UserController.php ]
[ info ] [ DB ] INIT mysql
[ info ] [ VIEW ] D:\AppServ\www\thinkphp\public/../application/index\view\user\index.html [ array (
  0 => 'user',
  1 => 'page',
) ]
[ info ] [ LOG ] INIT File
[ sql ] [ DB ] CONNECT:[ UseTime:0.001204s ] mysql:dbname=think;host=localhost;port=3306;charset=utf8
[ sql ] [ SQL ] SHOW COLUMNS FROM `th_user` [ RunTime:0.000910s ]
[ sql ] [ SQL ] SELECT COUNT(*) AS tp_count FROM `th_user` LIMIT 1 [ RunTime:0.000263s ]
[ sql ] [ SQL ] SELECT * FROM `th_user` LIMIT 0,5 [ RunTime:0.000332s ]

---------------------------------------------------------------
